58341 not in bdtfx ... /home/git/wxflore/Flores/Main/db/flore.main/ROSACEAE/Rubus.plicatus
120575 not in bdtfx ... /home/git/wxflore/Flores/Main/db/flore.main/ROSACEAE/Rubus.multifidus
65421 not in bdtfx ... /home/git/wxflore/Flores/Main/db/flore.main/TYPHACEAE/Sparganium.natans
41127 not in bdtfx ... /home/git/wxflore/Flores/Main/db/flore.main/PAPAVERACEAE/Meconopsis.cambrica

## WARNING ## : Familly mismatch ...
/home/git/wxflore/Flores/Main/db/flore.main/PTERIDACEAE/Cosentinia.vellea Pteridaceae -> 
103145 not in bdtfx ... /home/git/wxflore/Flores/Main/db/flore.main/ERICACEAE/Kalmia.procumbens
 not in bdtfx ... /home/git/wxflore/Flores/Main/db/flore.main/BRASSICACEAE/Biscutella.sempervirens
 not in bdtfx ... /home/git/wxflore/Flores/Main/db/flore.main/SOLANACEAE/Hyoscyamus.aureus
118568 not in bdtfx ... /home/git/wxflore/Flores/Main/db/flore.main/ASTERACEAE/Tephroseris.helenitis-pyrenaica
17455 not in bdtfx ... /home/git/wxflore/Flores/Main/db/flore.main/ASTERACEAE/Cirsium.alsophilum
17239 not in bdtfx ... /home/git/wxflore/Flores/Main/db/flore.main/ASTERACEAE/Chrysocoma.denticulata
22558 not in bdtfx ... /home/git/wxflore/Flores/Main/db/flore.main/LYCOPODIACEAE/Diphasiastrum.complanatum
36988 not in bdtfx ... /home/git/wxflore/Flores/Main/db/flore.main/CAPRIFOLIACEAE/Knautia.maxima
74780 not in bdtfx ... /home/git/wxflore/Flores/Main/db/flore.main/CARYOPHYLLACEAE/Stellaria.palustris
119803 not in bdtfx ... /home/git/wxflore/Flores/Main/db/flore.main/POACEAE/Triticum.aestivum-polonicum
 not in bdtfx ... /home/git/wxflore/Flores/Main/db/flore.main/POACEAE/Chloris.barbata
30445 not in bdtfx ... /home/git/wxflore/Flores/Main/db/flore.main/POACEAE/Glyceria.striata-stricta
63535 not in bdtfx ... /home/git/wxflore/Flores/Main/db/flore.main/POACEAE/Sesleria.cylindrica
74139 not in bdtfx ... /home/git/wxflore/Flores/Main/db/flore.main/CRASSULACEAE/Sempervivum.arachnoideum-tomentosum
49797 not in bdtfx ... /home/git/wxflore/Flores/Main/db/flore.main/FABACEAE/Pisum.sativum-arvense
44911 not in bdtfx ... /home/git/wxflore/Flores/Main/db/flore.main/FABACEAE/Ononis.viscosa-breviflora
 not in bdtfx ... /home/git/wxflore/Flores/Main/db/flore.main/FABACEAE/Parkinsonia.aculeata
49792 not in bdtfx ... /home/git/wxflore/Flores/Main/db/flore.main/FABACEAE/Pisum.sativum-biflorum
## WARNING ## Cryptogramma_crispa photo not linked to any taxon ...
